#
# There is insufficient memory for the Java Runtime Environment to continue.
# Native memory allocation (malloc) failed to allocate 1203856 bytes for Chunk::new
# Possible reasons:
#   The system is out of physical RAM or swap space
#   In 32 bit mode, the process size limit was hit
# Possible solutions:
#   Reduce memory load on the system
#   Increase physical memory or swap space
#   Check if swap backing store is full
#   Use 64 bit Java on a 64 bit OS
#   Decrease Java heap size (-Xmx/-Xms)
#   Decrease number of Java threads
#   Decrease Java thread stack sizes (-Xss)
#   Set larger code cache with -XX:ReservedCodeCacheSize=
# This output file may be truncated or incomplete.
#
#  Out of Memory Error (allocation.cpp:390), pid=4472, tid=0x0000000000000ffc
#
# JRE version: OpenJDK Runtime Environment (8.0_152-b01) (build 1.8.0_152-release-1248-b01)
# Java VM: OpenJDK 64-Bit Server VM (25.152-b01 mixed mode windows-amd64 compressed oops)
# Failed to write core dump. Minidumps are not enabled by default on client versions of Windows
#

---------------  T H R E A D  ---------------

Current thread (0x00000000167b4800):  JavaThread "C2 CompilerThread0" daemon [_thread_in_native, id=4092, stack(0x00000000177e0000,0x00000000178e0000)]

Stack: [0x00000000177e0000,0x00000000178e0000]
[error occurred during error reporting (printing stack bounds), id 0xc0000005]

Native frames: (J=compiled Java code, j=interpreted, Vv=VM code, C=native code)


Current CompileTask:
C2:  43907 2219       4       groovy.lang.MetaClassImpl$1MOPIter::methodNameAction (479 bytes)


---------------  P R O C E S S  ---------------

Java Threads: ( => current thread )
  0x00000000193c0000 JavaThread "Cache worker for journal cache (C:\Users\KelmoGlobal\.gradle\caches\journal-1)" [_thread_blocked, id=4416, stack(0x000000001cb70000,0x000000001cc70000)]
  0x0000000019152000 JavaThread "Cache worker for file hash cache (E:\wok\coding\havicash\.gradle\4.10.1\fileHashes)" [_thread_blocked, id=4636, stack(0x000000001ca70000,0x000000001cb70000)]
  0x0000000018255800 JavaThread "File lock request listener" [_thread_in_native, id=5540, stack(0x000000001cd10000,0x000000001ce10000)]
  0x000000001a8bb800 JavaThread "Cache worker for file hash cache (C:\Users\KelmoGlobal\.gradle\caches\4.10.1\fileHashes)" [_thread_blocked, id=4988, stack(0x000000001c970000,0x000000001ca70000)]
  0x00000000181ea800 JavaThread "Stdin handler" [_thread_blocked, id=5780, stack(0x000000001a6d0000,0x000000001a7d0000)]
  0x0000000017d43000 JavaThread "Asynchronous log dispatcher for DefaultDaemonConnection: socket connection from /127.0.0.1:50939 to /127.0.0.1:50940" [_thread_blocked, id=4832, stack(0x000000001a5d0000,0x000000001a6d0000)]
  0x0000000017d3c800 JavaThread "Daemon worker" [_thread_in_vm, id=4448, stack(0x000000001a2d0000,0x000000001a3d0000)]
  0x0000000018d7d000 JavaThread "Cancel handler" [_thread_blocked, id=4272, stack(0x000000001a1d0000,0x000000001a2d0000)]
  0x000000001845b000 JavaThread "Handler for socket connection from /127.0.0.1:50939 to /127.0.0.1:50940" [_thread_in_native, id=5188, stack(0x000000001a0d0000,0x000000001a1d0000)]
  0x000000001845a800 JavaThread "Daemon" [_thread_blocked, id=2200, stack(0x0000000019fd0000,0x000000001a0d0000)]
  0x000000001839f800 JavaThread "Daemon periodic checks" [_thread_blocked, id=5484, stack(0x0000000019ed0000,0x0000000019fd0000)]
  0x00000000186ac800 JavaThread "Incoming local TCP Connector on port 50939" [_thread_in_native, id=1584, stack(0x0000000019cf0000,0x0000000019df0000)]
  0x00000000167be800 JavaThread "Service Thread" daemon [_thread_blocked, id=1524, stack(0x00000000179e0000,0x0000000017ae0000)]
  0x00000000167b7800 JavaThread "C1 CompilerThread1" daemon [_thread_blocked, id=3156, stack(0x00000000178e0000,0x00000000179e0000)]
=>0x00000000167b4800 JavaThread "C2 CompilerThread0" daemon [_thread_in_native, id=4092, stack(0x00000000177e0000,0x00000000178e0000)]
  0x00000000167b3800 JavaThread "Attach Listener" daemon [_thread_blocked, id=2128, stack(0x00000000176e0000,0x00000000177e0000)]
  0x00000000167c0000 JavaThread "Signal Dispatcher" daemon [_thread_blocked, id=2480, stack(0x00000000175e0000,0x00000000176e0000)]
  0x00000000167a7800 JavaThread "Finalizer" daemon [_thread_blocked, id=3108, stack(0x0000000017400000,0x0000000017500000)]
  0x000000000307d800 JavaThread "Reference Handler" daemon [_thread_blocked, id=4932, stack(0x0000000017300000,0x0000000017400000)]
  0x0000000002e8d800 JavaThread "main" [_thread_blocked, id=3480, stack(0x0000000002e90000,0x0000000002f90000)]

Other Threads:
  0x0000000016784800 VMThread [stack: 0x0000000017200000,0x0000000017300000] [id=4028]
  0x00000000167fd000 WatcherThread [stack: 0x0000000017ae0000,0x0000000017be0000] [id=5136]

VM state:not at safepoint (normal execution)

VM Mutex/Monitor currently owned by a thread: None

Heap:
 PSYoungGen      total 47616K, used 16464K [0x00000000e0000000, 0x00000000e3700000, 0x0000000100000000)
  eden space 40960K, 27% used [0x00000000e0000000,0x00000000e0b271d0,0x00000000e2800000)
  from space 6656K, 75% used [0x00000000e2f00000,0x00000000e33ed0f8,0x00000000e3580000)
  to   space 7168K, 0% used [0x00000000e2800000,0x00000000e2800000,0x00000000e2f00000)
 ParOldGen       total 27136K, used 10788K [0x00000000a0000000, 0x00000000a1a80000, 0x00000000e0000000)
  object space 27136K, 39% used [0x00000000a0000000,0x00000000a0a89058,0x00000000a1a80000)
 Metaspace       used 27253K, capacity 27628K, committed 27776K, reserved 1073152K
  class space    used 3727K, capacity 3881K, committed 3968K, reserved 1048576K

Card table byte_map: [0x0000000012450000,0x0000000012760000] byte_map_base: 0x0000000011f50000

Marking Bits: (ParMarkBitMap*) 0x0000000059e75aa0
 Begin Bits: [0x0000000012b60000, 0x0000000014360000)
 End Bits:   [0x0000000014360000, 0x0000000015b60000)

Polling page: 0x0000000002c70000

CodeCache: size=245760Kb used=8086Kb max_used=8231Kb free=237674Kb
 bounds [0x0000000003090000, 0x00000000038b0000, 0x0000000012090000]
 total_blobs=2719 nmethods=2065 adapters=568
 compilation: enabled

Compilation events (10 events):
Event: 43.651 Thread 0x00000000167b7800 2262       3       org.gradle.internal.service.DefaultServiceRegistry$FactoryMethodService::getParameterTypes (10 bytes)
Event: 43.652 Thread 0x00000000167b7800 nmethod 2262 0x00000000033ad350 code [0x00000000033ad4a0, 0x00000000033ad6d0]
Event: 43.652 Thread 0x00000000167b7800 2263       3       org.gradle.internal.service.DefaultServiceRegistry$FactoryService::create (18 bytes)
Event: 43.653 Thread 0x00000000167b7800 nmethod 2263 0x0000000003290850 code [0x00000000032909c0, 0x0000000003290c38]
Event: 43.653 Thread 0x00000000167b7800 2264   !   3       org.gradle.internal.service.DefaultServiceRegistry$FactoryMethodService::invokeMethod (151 bytes)
Event: 43.656 Thread 0x00000000167b7800 nmethod 2264 0x0000000003569cd0 code [0x000000000356a0a0, 0x000000000356c568]
Event: 43.711 Thread 0x00000000167b7800 2265       3       com.google.common.cache.LocalCache::usesAccessQueue (20 bytes)
Event: 43.712 Thread 0x00000000167b7800 nmethod 2265 0x00000000034cda90 code [0x00000000034cdc00, 0x00000000034cdf90]
Event: 43.755 Thread 0x00000000167b7800 2266       3       java.lang.reflect.Method::acquireMethodAccessor (44 bytes)
Event: 43.756 Thread 0x00000000167b7800 nmethod 2266 0x00000000032131d0 code [0x0000000003213360, 0x00000000032139b8]

GC Heap History (10 events):
Event: 36.068 GC heap before
{Heap before GC invocations=7 (full 0):
 PSYoungGen      total 37888K, used 37708K [0x00000000e0000000, 0x00000000e2c00000, 0x0000000100000000)
  eden space 32768K, 99% used [0x00000000e0000000,0x00000000e1fd6648,0x00000000e2000000)
  from space 5120K, 99% used [0x00000000e2600000,0x00000000e2afcad0,0x00000000e2b00000)
  to   space 6144K, 0% used [0x00000000e2000000,0x00000000e2000000,0x00000000e2600000)
 ParOldGen       total 22016K, used 8735K [0x00000000a0000000, 0x00000000a1580000, 0x00000000e0000000)
  object space 22016K, 39% used [0x00000000a0000000,0x00000000a0887ef8,0x00000000a1580000)
 Metaspace       used 18953K, capacity 19256K, committed 19584K, reserved 1067008K
  class space    used 2726K, capacity 2868K, committed 2944K, reserved 1048576K
Event: 36.092 GC heap after
Heap after GC invocations=7 (full 0):
 PSYoungGen      total 37888K, used 6095K [0x00000000e0000000, 0x00000000e2d00000, 0x0000000100000000)
  eden space 31744K, 0% used [0x00000000e0000000,0x00000000e0000000,0x00000000e1f00000)
  from space 6144K, 99% used [0x00000000e2000000,0x00000000e25f3c38,0x00000000e2600000)
  to   space 7168K, 0% used [0x00000000e2600000,0x00000000e2600000,0x00000000e2d00000)
 ParOldGen       total 22016K, used 9039K [0x00000000a0000000, 0x00000000a1580000, 0x00000000e0000000)
  object space 22016K, 41% used [0x00000000a0000000,0x00000000a08d3f38,0x00000000a1580000)
 Metaspace       used 18953K, capacity 19256K, committed 19584K, reserved 1067008K
  class space    used 2726K, capacity 2868K, committed 2944K, reserved 1048576K
}
Event: 37.485 GC heap before
{Heap before GC invocations=8 (full 0):
 PSYoungGen      total 37888K, used 10776K [0x00000000e0000000, 0x00000000e2d00000, 0x0000000100000000)
  eden space 31744K, 14% used [0x00000000e0000000,0x00000000e0492608,0x00000000e1f00000)
  from space 6144K, 99% used [0x00000000e2000000,0x00000000e25f3c38,0x00000000e2600000)
  to   space 7168K, 0% used [0x00000000e2600000,0x00000000e2600000,0x00000000e2d00000)
 ParOldGen       total 22016K, used 9039K [0x00000000a0000000, 0x00000000a1580000, 0x00000000e0000000)
  object space 22016K, 41% used [0x00000000a0000000,0x00000000a08d3f38,0x00000000a1580000)
 Metaspace       used 20870K, capacity 21176K, committed 21248K, reserved 1067008K
  class space    used 2903K, capacity 3060K, committed 3072K, reserved 1048576K
Event: 37.499 GC heap after
Heap after GC invocations=8 (full 0):
 PSYoungGen      total 36864K, used 3985K [0x00000000e0000000, 0x00000000e2c00000, 0x0000000100000000)
  eden space 30720K, 0% used [0x00000000e0000000,0x00000000e0000000,0x00000000e1e00000)
  from space 6144K, 64% used [0x00000000e2600000,0x00000000e29e4780,0x00000000e2c00000)
  to   space 7168K, 0% used [0x00000000e1e00000,0x00000000e1e00000,0x00000000e2500000)
 ParOldGen       total 22016K, used 9161K [0x00000000a0000000, 0x00000000a1580000, 0x00000000e0000000)
  object space 22016K, 41% used [0x00000000a0000000,0x00000000a08f25a8,0x00000000a1580000)
 Metaspace       used 20870K, capacity 21176K, committed 21248K, reserved 1067008K
  class space    used 2903K, capacity 3060K, committed 3072K, reserved 1048576K
}
Event: 37.499 GC heap before
{Heap before GC invocations=9 (full 1):
 PSYoungGen      total 36864K, used 3985K [0x00000000e0000000, 0x00000000e2c00000, 0x0000000100000000)
  eden space 30720K, 0% used [0x00000000e0000000,0x00000000e0000000,0x00000000e1e00000)
  from space 6144K, 64% used [0x00000000e2600000,0x00000000e29e4780,0x00000000e2c00000)
  to   space 7168K, 0% used [0x00000000e1e00000,0x00000000e1e00000,0x00000000e2500000)
 ParOldGen       total 22016K, used 9161K [0x00000000a0000000, 0x00000000a1580000, 0x00000000e0000000)
  object space 22016K, 41% used [0x00000000a0000000,0x00000000a08f25a8,0x00000000a1580000)
 Metaspace       used 20870K, capacity 21176K, committed 21248K, reserved 1067008K
  class space    used 2903K, capacity 3060K, committed 3072K, reserved 1048576K
Event: 37.690 GC heap after
Heap after GC invocations=9 (full 1):
 PSYoungGen      total 36864K, used 0K [0x00000000e0000000, 0x00000000e2c00000, 0x0000000100000000)
  eden space 30720K, 0% used [0x00000000e0000000,0x00000000e0000000,0x00000000e1e00000)
  from space 6144K, 0% used [0x00000000e2600000,0x00000000e2600000,0x00000000e2c00000)
  to   space 7168K, 0% used [0x00000000e1e00000,0x00000000e1e00000,0x00000000e2500000)
 ParOldGen       total 27136K, used 10772K [0x00000000a0000000, 0x00000000a1a80000, 0x00000000e0000000)
  object space 27136K, 39% used [0x00000000a0000000,0x00000000a0a85058,0x00000000a1a80000)
 Metaspace       used 20870K, capacity 21176K, committed 21248K, reserved 1067008K
  class space    used 2903K, capacity 3060K, committed 3072K, reserved 1048576K
}
Event: 40.994 GC heap before
{Heap before GC invocations=10 (full 1):
 PSYoungGen      total 36864K, used 30720K [0x00000000e0000000, 0x00000000e2c00000, 0x0000000100000000)
  eden space 30720K, 100% used [0x00000000e0000000,0x00000000e1e00000,0x00000000e1e00000)
  from space 6144K, 0% used [0x00000000e2600000,0x00000000e2600000,0x00000000e2c00000)
  to   space 7168K, 0% used [0x00000000e1e00000,0x00000000e1e00000,0x00000000e2500000)
 ParOldGen       total 27136K, used 10772K [0x00000000a0000000, 0x00000000a1a80000, 0x00000000e0000000)
  object space 27136K, 39% used [0x00000000a0000000,0x00000000a0a85058,0x00000000a1a80000)
 Metaspace       used 24094K, capacity 24482K, committed 24704K, reserved 1071104K
  class space    used 3297K, capacity 3452K, committed 3456K, reserved 1048576K
Event: 41.006 GC heap after
Heap after GC invocations=10 (full 1):
 PSYoungGen      total 37888K, used 3659K [0x00000000e0000000, 0x00000000e3580000, 0x0000000100000000)
  eden space 30720K, 0% used [0x00000000e0000000,0x00000000e0000000,0x00000000e1e00000)
  from space 7168K, 51% used [0x00000000e1e00000,0x00000000e2192e60,0x00000000e2500000)
  to   space 6656K, 0% used [0x00000000e2f00000,0x00000000e2f00000,0x00000000e3580000)
 ParOldGen       total 27136K, used 10780K [0x00000000a0000000, 0x00000000a1a80000, 0x00000000e0000000)
  object space 27136K, 39% used [0x00000000a0000000,0x00000000a0a87058,0x00000000a1a80000)
 Metaspace       used 24094K, capacity 24482K, committed 24704K, reserved 1071104K
  class space    used 3297K, capacity 3452K, committed 3456K, reserved 1048576K
}
Event: 43.335 GC heap before
{Heap before GC invocations=11 (full 1):
 PSYoungGen      total 37888K, used 34379K [0x00000000e0000000, 0x00000000e3580000, 0x0000000100000000)
  eden space 30720K, 100% used [0x00000000e0000000,0x00000000e1e00000,0x00000000e1e00000)
  from space 7168K, 51% used [0x00000000e1e00000,0x00000000e2192e60,0x00000000e2500000)
  to   space 6656K, 0% used [0x00000000e2f00000,0x00000000e2f00000,0x00000000e3580000)
 ParOldGen       total 27136K, used 10780K [0x00000000a0000000, 0x00000000a1a80000, 0x00000000e0000000)
  object space 27136K, 39% used [0x00000000a0000000,0x00000000a0a87058,0x00000000a1a80000)
 Metaspace       used 26849K, capacity 27238K, committed 27392K, reserved 1073152K
  class space    used 3645K, capacity 3815K, committed 3840K, reserved 1048576K
Event: 43.358 GC heap after
Heap after GC invocations=11 (full 1):
 PSYoungGen      total 47616K, used 5044K [0x00000000e0000000, 0x00000000e3700000, 0x0000000100000000)
  eden space 40960K, 0% used [0x00000000e0000000,0x00000000e0000000,0x00000000e2800000)
  from space 6656K, 75% used [0x00000000e2f00000,0x00000000e33ed0f8,0x00000000e3580000)
  to   space 7168K, 0% used [0x00000000e2800000,0x00000000e2800000,0x00000000e2f00000)
 ParOldGen       total 27136K, used 10788K [0x00000000a0000000, 0x00000000a1a80000, 0x00000000e0000000)
  object space 27136K, 39% used [0x00000000a0000000,0x00000000a0a89058,0x00000000a1a80000)
 Metaspace       used 26849K, capacity 27238K, committed 27392K, reserved 1073152K
  class space    used 3645K, capacity 3815K, committed 3840K, reserved 1048576K
}

Deoptimization events (10 events):
Event: 39.815 Thread 0x0000000017d3c800 Uncommon trap: reason=class_check action=maybe_recompile pc=0x00000000035c6cc0 method=sun.misc.URLClassPath.getLoader(I)Lsun/misc/URLClassPath$Loader; @ 239
Event: 40.844 Thread 0x0000000017d3c800 Uncommon trap: reason=unstable_if action=reinterpret pc=0x0000000003520cc0 method=java.util.HashMap.hash(Ljava/lang/Object;)I @ 1
Event: 41.007 Thread 0x000000000307d800 Uncommon trap: reason=unstable_if action=reinterpret pc=0x00000000035ef450 method=java.lang.ref.Reference.tryHandlePending(Z)Z @ 104
Event: 41.161 Thread 0x0000000017d3c800 Uncommon trap: reason=unstable_if action=reinterpret pc=0x00000000033023ec method=java.util.HashMap.getNode(ILjava/lang/Object;)Ljava/util/HashMap$Node; @ 53
Event: 41.161 Thread 0x0000000017d3c800 Uncommon trap: reason=unstable_if action=reinterpret pc=0x000000000330acb0 method=java.util.HashMap.hash(Ljava/lang/Object;)I @ 1
Event: 41.161 Thread 0x0000000017d3c800 Uncommon trap: reason=unstable_if action=reinterpret pc=0x00000000034e0900 method=java.util.HashMap.putVal(ILjava/lang/Object;Ljava/lang/Object;ZZ)Ljava/lang/Object; @ 85
Event: 41.252 Thread 0x0000000017d3c800 Uncommon trap: reason=unstable_if action=reinterpret pc=0x000000000333a1b0 method=java.util.LinkedHashMap.afterNodeInsertion(Z)V @ 1
Event: 42.507 Thread 0x0000000017d3c800 Uncommon trap: reason=class_check action=maybe_recompile pc=0x00000000035c6b90 method=sun.misc.URLClassPath.getLoader(I)Lsun/misc/URLClassPath$Loader; @ 94
Event: 43.050 Thread 0x0000000017d3c800 Uncommon trap: reason=unstable_if action=reinterpret pc=0x000000000332a65c method=java.io.WinNTFileSystem.resolve(Ljava/lang/String;Ljava/lang/String;)Ljava/lang/String; @ 49
Event: 43.265 Thread 0x0000000017d3c800 Uncommon trap: reason=unstable_if action=reinterpret pc=0x000000000387b8f8 method=org.codehaus.groovy.runtime.metaclass.MetaMethodIndex.addMethodToList(Ljava/lang/Object;Lgroovy/lang/MetaMethod;)Ljava/lang/Object; @ 226

Classes redefined (0 events):
No events

Internal exceptions (10 events):
Event: 43.371 Thread 0x0000000017d3c800 Exception <a 'java/lang/ClassNotFoundException': org/gradle/api/internal/DefaultNamedDomainObjectCollectionBeanInfo> (0x00000000e00ec470) thrown at [D:\src\AOSP-openjdk-cygwin\jdk8u\hotspot\src\share\vm\classfile\systemDictionary.cpp, line 210]
Event: 43.372 Thread 0x0000000017d3c800 Exception <a 'java/lang/ClassNotFoundException': org/gradle/api/internal/DefaultDomainObjectCollectionBeanInfo> (0x00000000e011aeb8) thrown at [D:\src\AOSP-openjdk-cygwin\jdk8u\hotspot\src\share\vm\classfile\systemDictionary.cpp, line 210]
Event: 43.373 Thread 0x0000000017d3c800 Exception <a 'java/lang/ClassNotFoundException': java/util/AbstractCollectionBeanInfo> (0x00000000e011ef00) thrown at [D:\src\AOSP-openjdk-cygwin\jdk8u\hotspot\src\share\vm\classfile\systemDictionary.cpp, line 210]
Event: 43.373 Thread 0x0000000017d3c800 Exception <a 'java/lang/ClassNotFoundException': java/util/AbstractCollectionCustomizer> (0x00000000e0122f18) thrown at [D:\src\AOSP-openjdk-cygwin\jdk8u\hotspot\src\share\vm\classfile\systemDictionary.cpp, line 210]
Event: 43.383 Thread 0x0000000017d3c800 Exception <a 'java/lang/ClassNotFoundException': org/gradle/api/internal/DefaultDomainObjectCollectionCustomizer> (0x00000000e015ebb0) thrown at [D:\src\AOSP-openjdk-cygwin\jdk8u\hotspot\src\share\vm\classfile\systemDictionary.cpp, line 210]
Event: 43.398 Thread 0x0000000017d3c800 Exception <a 'java/lang/ClassNotFoundException': org/gradle/api/internal/DefaultNamedDomainObjectCollectionCustomizer> (0x00000000e01b9d40) thrown at [D:\src\AOSP-openjdk-cygwin\jdk8u\hotspot\src\share\vm\classfile\systemDictionary.cpp, line 210]
Event: 43.412 Thread 0x0000000017d3c800 Exception <a 'java/lang/ClassNotFoundException': org/gradle/api/internal/DefaultNamedDomainObjectListCustomizer> (0x00000000e0234b98) thrown at [D:\src\AOSP-openjdk-cygwin\jdk8u\hotspot\src\share\vm\classfile\systemDictionary.cpp, line 210]
Event: 43.418 Thread 0x0000000017d3c800 Exception <a 'java/lang/ClassNotFoundException': org/gradle/api/internal/artifacts/DefaultArtifactRepositoryContainerCustomizer> (0x00000000e02a86c0) thrown at [D:\src\AOSP-openjdk-cygwin\jdk8u\hotspot\src\share\vm\classfile\systemDictionary.cpp, line 210
Event: 43.446 Thread 0x0000000017d3c800 Exception <a 'java/lang/ClassNotFoundException': org/gradle/api/internal/artifacts/dsl/DefaultRepositoryHandlerCustomizer> (0x00000000e030e868) thrown at [D:\src\AOSP-openjdk-cygwin\jdk8u\hotspot\src\share\vm\classfile\systemDictionary.cpp, line 210]
Event: 43.459 Thread 0x0000000017d3c800 Exception <a 'java/lang/ClassNotFoundException': org/gradle/api/internal/artifacts/dsl/DefaultRepositoryHandler_DecoratedCustomizer> (0x00000000e037dc78) thrown at [D:\src\AOSP-openjdk-cygwin\jdk8u\hotspot\src\share\vm\classfile\systemDictionary.cpp, line

Events (10 events):
Event: 43.822 loading class org/gradle/api/internal/artifacts/ivyservice/modulecache/dynamicversions/DefaultModuleVersionsCache
Event: 43.822 loading class org/gradle/api/internal/artifacts/ivyservice/modulecache/dynamicversions/DefaultModuleVersionsCache done
Event: 43.823 loading class org/gradle/api/internal/artifacts/ivyservice/modulecache/dynamicversions/InMemoryModuleVersionsCache
Event: 43.823 loading class org/gradle/api/internal/artifacts/ivyservice/modulecache/dynamicversions/InMemoryModuleVersionsCache done
Event: 43.825 loading class org/gradle/api/internal/artifacts/ivyservice/modulecache/dynamicversions/ModuleVersionsCache$CachedModuleVersionList
Event: 43.825 loading class org/gradle/api/internal/artifacts/ivyservice/modulecache/dynamicversions/ModuleVersionsCache$CachedModuleVersionList done
Event: 43.826 loading class org/gradle/api/internal/artifacts/ivyservice/modulecache/DefaultModuleMetadataCache
Event: 43.826 loading class org/gradle/api/internal/artifacts/ivyservice/modulecache/DefaultModuleMetadataCache done
Event: 43.827 loading class org/gradle/api/internal/artifacts/ivyservice/modulecache/InMemoryModuleMetadataCache
Event: 43.827 loading class org/gradle/api/internal/artifacts/ivyservice/modulecache/InMemoryModuleMetadataCache done


Dynamic libraries:
0x00007ff63cf30000 - 0x00007ff63cf61000 	C:\Program Files\Android\Android Studio\jre\bin\java.exe
0x00007ff88bce0000 - 0x00007ff88bea2000 	C:\Windows\SYSTEM32\ntdll.dll
0x00007ff889860000 - 0x00007ff88990d000 	C:\Windows\system32\KERNEL32.DLL
0x00007ff888ba0000 - 0x00007ff888d7d000 	C:\Windows\system32\KERNELBASE.dll
0x00007ff88ba10000 - 0x00007ff88bab6000 	C:\Windows\system32\ADVAPI32.dll
0x00007ff889ce0000 - 0x00007ff889d7d000 	C:\Windows\system32\msvcrt.dll
0x00007ff889eb0000 - 0x00007ff889f0b000 	C:\Windows\system32\sechost.dll
0x00007ff88b670000 - 0x00007ff88b796000 	C:\Windows\system32\RPCRT4.dll
0x00007ff889b90000 - 0x00007ff889cde000 	C:\Windows\system32\USER32.dll
0x00007ff88bb50000 - 0x00007ff88bcd5000 	C:\Windows\system32\GDI32.dll
0x00007ff87b7e0000 - 0x00007ff87ba54000 	C:\Windows\WinSxS\amd64_microsoft.windows.common-controls_6595b64144ccf1df_6.0.10240.16384_none_f41f7b285750ef43\COMCTL32.dll
0x00007ff8893b0000 - 0x00007ff8893e6000 	C:\Windows\system32\IMM32.DLL
0x00007ff88b8b0000 - 0x00007ff88ba0c000 	C:\Windows\system32\MSCTF.dll
0x00000000595d0000 - 0x00000000596a2000 	C:\Program Files\Android\Android Studio\jre\jre\bin\msvcr100.dll
0x00000000596b0000 - 0x0000000059ef1000 	C:\Program Files\Android\Android Studio\jre\jre\bin\server\jvm.dll
0x00007ff889e40000 - 0x00007ff889e48000 	C:\Windows\system32\PSAPI.DLL
0x00007ff879e90000 - 0x00007ff879eb3000 	C:\Windows\SYSTEM32\WINMM.dll
0x00007ff87bd00000 - 0x00007ff87bd09000 	C:\Windows\SYSTEM32\WSOCK32.dll
0x00007ff87f900000 - 0x00007ff87f90a000 	C:\Windows\SYSTEM32\VERSION.dll
0x00007ff8893f0000 - 0x00007ff889459000 	C:\Windows\system32\WS2_32.dll
0x00007ff88a0c0000 - 0x00007ff88a0c8000 	C:\Windows\system32\NSI.dll
0x00007ff879e30000 - 0x00007ff879e5c000 	C:\Windows\SYSTEM32\WINMMBASE.dll
0x00007ff8887b0000 - 0x00007ff8887f4000 	C:\Windows\system32\cfgmgr32.dll
0x00007ff886fe0000 - 0x00007ff887007000 	C:\Windows\SYSTEM32\DEVOBJ.dll
0x00007ff87bca0000 - 0x00007ff87bcaf000 	C:\Program Files\Android\Android Studio\jre\jre\bin\verify.dll
0x00007ff87b7b0000 - 0x00007ff87b7d9000 	C:\Program Files\Android\Android Studio\jre\jre\bin\java.dll
0x00007ff87bc60000 - 0x00007ff87bc76000 	C:\Program Files\Android\Android Studio\jre\jre\bin\zip.dll
0x00007ff88a0e0000 - 0x00007ff88b605000 	C:\Windows\system32\SHELL32.dll
0x00007ff888d80000 - 0x00007ff8893a8000 	C:\Windows\system32\windows.storage.dll
0x00007ff889910000 - 0x00007ff889b8c000 	C:\Windows\system32\combase.dll
0x00007ff88b7a0000 - 0x00007ff88b7f1000 	C:\Windows\system32\shlwapi.dll
0x00007ff888710000 - 0x00007ff88871f000 	C:\Windows\system32\kernel.appcore.dll
0x00007ff888ae0000 - 0x00007ff888b93000 	C:\Windows\system32\shcore.dll
0x00007ff888760000 - 0x00007ff8887aa000 	C:\Windows\system32\powrprof.dll
0x00007ff888720000 - 0x00007ff888733000 	C:\Windows\system32\profapi.dll
0x00007ff87a660000 - 0x00007ff87a67a000 	C:\Program Files\Android\Android Studio\jre\jre\bin\net.dll
0x00007ff887f80000 - 0x00007ff887fdd000 	C:\Windows\system32\mswsock.dll
0x00007ff87a160000 - 0x00007ff87a171000 	C:\Program Files\Android\Android Studio\jre\jre\bin\nio.dll
0x00007ff8829f0000 - 0x00007ff882a0e000 	C:\Users\KelmoGlobal\.gradle\native\25\windows-amd64\native-platform.dll
0x00007ff87c160000 - 0x00007ff87c16d000 	C:\Program Files\Android\Android Studio\jre\jre\bin\management.dll
0x00007ff887fe0000 - 0x00007ff887ff7000 	C:\Windows\SYSTEM32\CRYPTSP.dll
0x00007ff888250000 - 0x00007ff888278000 	C:\Windows\SYSTEM32\bcrypt.dll
0x00007ff887c30000 - 0x00007ff887c63000 	C:\Windows\system32\rsaenh.dll
0x00007ff887d20000 - 0x00007ff887d3f000 	C:\Windows\SYSTEM32\USERENV.dll
0x00007ff888560000 - 0x00007ff8885cb000 	C:\Windows\system32\bcryptprimitives.dll
0x00007ff888150000 - 0x00007ff88815b000 	C:\Windows\SYSTEM32\CRYPTBASE.dll
0x00007ff884910000 - 0x00007ff884948000 	C:\Windows\SYSTEM32\IPHLPAPI.DLL
0x00007ff884900000 - 0x00007ff88490b000 	C:\Windows\SYSTEM32\WINNSI.DLL
0x00007ff8847b0000 - 0x00007ff8847c6000 	C:\Windows\SYSTEM32\dhcpcsvc6.DLL
0x00007ff884790000 - 0x00007ff8847aa000 	C:\Windows\SYSTEM32\dhcpcsvc.DLL

VM Arguments:
jvm_args: -Xmx1536m -Dfile.encoding=windows-1252 -Duser.country=US -Duser.language=en -Duser.variant 
java_command: org.gradle.launcher.daemon.bootstrap.GradleDaemon 4.10.1
java_class_path (initial): C:\Users\KelmoGlobal\.gradle\wrapper\dists\gradle-4.10.1-all\455itskqi2qtf0v2sja68alqd\gradle-4.10.1\lib\gradle-launcher-4.10.1.jar
Launcher Type: SUN_STANDARD

Environment Variables:
PATH=C:\Program Files (x86)\Common Files\Oracle\Java\javapath;C:\Windows\system32;C:\Windows;C:\Windows\System32\Wbem;C:\Windows\System32\WindowsPowerShell\v1.0\
USERNAME=KelmoGlobal
OS=Windows_NT
PROCESSOR_IDENTIFIER=Intel64 Family 6 Model 15 Stepping 2, GenuineIntel



---------------  S Y S T E M  ---------------

OS: Windows 10.0 , 64 bit Build 10240 (10.0.10240.16384)

CPU:total 2 (initial active 2) (2 cores per cpu, 1 threads per core) family 6 model 15 stepping 2, cmov, cx8, fxsr, mmx, sse, sse2, sse3, ssse3, tsc

Memory: 4k page, physical 2086964k(168436k free), swap 4106624k(6304k free)

vm_info: OpenJDK 64-Bit Server VM (25.152-b01) for windows-amd64 JRE (1.8.0_152-release-1248-b01), built by "builder" with MS VC++ 10.0 (VS2010)

time: Sat Aug 31 15:04:12 2019
elapsed time: 43 seconds (0d 0h 0m 43s)

